
rpcServerInit()
rpcServerInit(), returned=0

rpcRegister(getattr)
	ArgTypes:[
		-1610547199 (is_input:1, is_output:0, is_array:1, type:1, array_len:1)
		1610678273 (is_input:0, is_output:1, is_array:1, type:1, array_len:1)
		1073938432 (is_input:0, is_output:1, is_array:0, type:3, array_len:0)
	]
rpcRegister(getattr), returned=0

rpcExecute()
	Listening on address:ubuntu2004-010, port:51311

received execute(getattr)
	ArgTypes:[
		-1610547188 (is_input:1, is_output:0, is_array:1, type:1, array_len:12)
		1610678416 (is_input:0, is_output:1, is_array:1, type:1, array_len:144)
		1073938432 (is_input:0, is_output:1, is_array:0, type:3, array_len:0)
	]
received execute(getattr), returned:0

received execute(getattr)
	ArgTypes:[
		-1610547188 (is_input:1, is_output:0, is_array:1, type:1, array_len:12)
		1610678416 (is_input:0, is_output:1, is_array:1, type:1, array_len:144)
		1073938432 (is_input:0, is_output:1, is_array:0, type:3, array_len:0)
	]
received execute(getattr), returned:0

received execute(getattr)
	ArgTypes:[
		-1610547188 (is_input:1, is_output:0, is_array:1, type:1, array_len:12)
		1610678416 (is_input:0, is_output:1, is_array:1, type:1, array_len:144)
		1073938432 (is_input:0, is_output:1, is_array:0, type:3, array_len:0)
	]
received execute(getattr), returned:0
