
rpcClientInit()
	Connecting to address:ubuntu2004-010, port:51311
rpcClientInit(), returned=0

rpcCall(getattr)
	ArgTypes:[
		-1610547188 (is_input:1, is_output:0, is_array:1, type:1, array_len:12)
		1610678416 (is_input:0, is_output:1, is_array:1, type:1, array_len:144)
		1073938432 (is_input:0, is_output:1, is_array:0, type:3, array_len:0)
	]
rpcCall(getattr), returned=0

rpcCall(getattr)
	ArgTypes:[
		-1610547188 (is_input:1, is_output:0, is_array:1, type:1, array_len:12)
		1610678416 (is_input:0, is_output:1, is_array:1, type:1, array_len:144)
		1073938432 (is_input:0, is_output:1, is_array:0, type:3, array_len:0)
	]
rpcCall(getattr), returned=0

rpcCall(getattr)
	ArgTypes:[
		-1610547188 (is_input:1, is_output:0, is_array:1, type:1, array_len:12)
		1610678416 (is_input:0, is_output:1, is_array:1, type:1, array_len:144)
		1073938432 (is_input:0, is_output:1, is_array:0, type:3, array_len:0)
	]
rpcCall(getattr), returned=0
