
watdfs_init()
	path_to_cache:/tmp/j254liu/cache
	cache_interval:0 s
fuse_context:
	fuse = 17254480
	uid =  0
	gid =  0
	pid =  0
	private_data = 17252eb0
	logfile = 17253ef0
	path_to_cache = /tmp/j254liu/cache
	umask = 00000

watdfs_getattr(path="/myfile.txt", statbuf=0x5bece500)
watdfs_getattr(path="/myfile.txt", statbuf=0x5bece500) returned=-2
    si:
	st_dev =  0
	st_ino =  0
	st_mode = 0 0
	st_nlink =  0
	st_uid =  0
	st_gid =  0
	st_rdev =  0
	st_size =  0
	st_blksize =  0
	st_blocks =  0
	st_atime = 0x 00000000
	st_mtime = 0x 00000000
	st_ctime = 0x 00000000

watdfs_mknod(path="/myfile.txt", mode=0100640, dev=0)
watdfs_mknod(path="/myfile.txt", mode=0100640, dev=0) returned=-38

watdfs_getattr(path="/myfile.txt", statbuf=0x5bece500)
watdfs_getattr(path="/myfile.txt", statbuf=0x5bece500) returned=-2
    si:
	st_dev =  0
	st_ino =  0
	st_mode = 0 0
	st_nlink =  0
	st_uid =  0
	st_gid =  0
	st_rdev =  0
	st_size =  0
	st_blksize =  0
	st_blocks =  0
	st_atime = 0x 00000000
	st_mtime = 0x 00000000
	st_ctime = 0x 00000000

watdfs_getattr(path="/myfile.txt", statbuf=0x5bece500)
watdfs_getattr(path="/myfile.txt", statbuf=0x5bece500) returned=-2
    si:
	st_dev =  0
	st_ino =  0
	st_mode = 0 0
	st_nlink =  0
	st_uid =  0
	st_gid =  0
	st_rdev =  0
	st_size =  0
	st_blksize =  0
	st_blocks =  0
	st_atime = 0x 00000000
	st_mtime = 0x 00000000
	st_ctime = 0x 00000000
